<?xml version="1.0" encoding="UTF-8"?>
<!-- Generated by org.testng.reporters.JUnitXMLReporter -->
<testsuite ignored="0" hostname="TYSS-Manoj" failures="0" tests="8" name="Default test" time="7.124" errors="0" timestamp="2023-11-07T09:32:53 IST">
  <testcase classname="com.employeeapi.testcase.TC001_Get_All_Employees" name="checkContentEncoding" time="0.006"/>
  <testcase classname="com.employeeapi.testcase.TC001_Get_All_Employees" name="checkContentLength" time="0.001"/>
  <testcase classname="com.employeeapi.testcase.TC001_Get_All_Employees" name="checkContentType" time="0.001"/>
  <testcase classname="com.employeeapi.testcase.TC001_Get_All_Employees" name="checkResponseTime" time="0.002"/>
  <testcase classname="com.employeeapi.testcase.TC001_Get_All_Employees" name="checkResposeBody" time="0.017"/>
  <testcase classname="com.employeeapi.testcase.TC001_Get_All_Employees" name="checkServerType" time="0.002"/>
  <testcase classname="com.employeeapi.testcase.TC001_Get_All_Employees" name="checkStatusCode" time="0.002"/>
  <testcase classname="com.employeeapi.testcase.TC001_Get_All_Employees" name="checkStatusLine" time="0.004"/>
</testsuite> <!-- Default test -->
